<?xml version="1.0" encoding="UTF-8"?>
<!-- Generated by org.testng.reporters.JUnitXMLReporter -->
<testsuite hostname="Einzton" ignored="0" name="Test" tests="3" failures="0" timestamp="22 Jan 2020 15:12:33 GMT" time="49.395" errors="0">
  <testcase name="addProject" time="13.619" classname="TestNGFrameWork.AddProjectandSprint"/>
  <testcase name="addSprint" time="6.778" classname="TestNGFrameWork.AddProjectandSprint"/>
  <testcase name="addTask" time="8.469" classname="TestNGFrameWork.AddProjectandSprint"/>
</testsuite> <!-- Test -->
